38::project.healthbox.events.register.UserRegisterEvent::log::Sun Mar 21 21:01:55 EET 2021::UserRegisterEvent{firstName='Test', lastName='Test', email='test@test123.com'}
44::project.healthbox.events.register.UserRegisterEvent::log::Sun Mar 21 21:10:50 EET 2021::UserRegisterEvent{firstName='John', lastName='Anderson', email='john@patient.com'}
1::project.healthbox.events.register.DoctorRegisterEvent::log::Sat Mar 27 12:52:23 EET 2021::DoctorRegisterEvent{firstName='LAST_NAME', lastName='null', email='EMAIL', locationName='CITY_NAME', specialtyName='SPECIALTY_NAME'}
1::project.healthbox.events.register.DoctorRegisterEvent::log::Sat Mar 27 13:00:32 EET 2021::DoctorRegisterEvent{firstName='LAST_NAME', lastName='null', email='EMAIL', locationName='CITY_NAME', specialtyName='SPECIALTY_NAME'}
1::project.healthbox.events.register.DoctorRegisterEvent::log::Sat Mar 27 13:03:33 EET 2021::DoctorRegisterEvent{firstName='LAST_NAME', lastName='null', email='EMAIL', locationName='CITY_NAME', specialtyName='SPECIALTY_NAME'}
1::project.healthbox.events.register.DoctorRegisterEvent::log::Sat Mar 27 13:20:47 EET 2021::DoctorRegisterEvent{firstName='FIRST_NAME', lastName='LAST_NAME', email='EMAIL', locationName='CITY_NAME', specialtyName='SPECIALTY_NAME'}
1::project.healthbox.events.register.UserRegisterEvent::log::Mon Mar 29 09:12:04 EEST 2021::UserRegisterEvent{firstName='First', lastName='Last', email='test@patient.com'}
1::project.healthbox.events.register.UserRegisterEvent::log::Mon Mar 29 09:12:39 EEST 2021::UserRegisterEvent{firstName='First', lastName='Last', email='test@patient.com'}
1::project.healthbox.events.register.UserRegisterEvent::log::Mon Mar 29 09:12:56 EEST 2021::UserRegisterEvent{firstName='First', lastName='Last', email='test@patient.com'}
1::project.healthbox.events.register.UserRegisterEvent::log::Mon Mar 29 09:14:27 EEST 2021::UserRegisterEvent{firstName='First', lastName='Last', email='test@patient.com'}
1::project.healthbox.events.register.UserRegisterEvent::log::Mon Mar 29 09:31:10 EEST 2021::UserRegisterEvent{firstName='First', lastName='Last', email='test@patient.com'}
1::project.healthbox.events.register.UserRegisterEvent::log::Mon Mar 29 22:56:23 EEST 2021::UserRegisterEvent{firstName='First', lastName='Last', email='test@patient.com'}
1::project.healthbox.events.register.UserRegisterEvent::log::Mon Mar 29 22:57:53 EEST 2021::UserRegisterEvent{firstName='First', lastName='Last', email='test@patient.com'}
1::project.healthbox.events.register.UserRegisterEvent::log::Mon Mar 29 22:58:10 EEST 2021::UserRegisterEvent{firstName='First', lastName='Last', email='test@patient.com'}
1::project.healthbox.events.register.UserRegisterEvent::log::Mon Mar 29 23:35:42 EEST 2021::UserRegisterEvent{firstName='First', lastName='Last', email='test@patient.com'}
1::project.healthbox.events.register.UserRegisterEvent::log::Tue Mar 30 21:20:06 EEST 2021::UserRegisterEvent{firstName='First', lastName='Last', email='test@patient.com'}
1::project.healthbox.events.register.UserRegisterEvent::log::Tue Mar 30 21:20:56 EEST 2021::UserRegisterEvent{firstName='First', lastName='Last', email='test@patient.com'}
1::project.healthbox.events.register.UserRegisterEvent::log::Tue Mar 30 21:26:10 EEST 2021::UserRegisterEvent{firstName='First', lastName='Last', email='test@patient.com'}
38::project.healthbox.events.register.DoctorRegisterEvent::log::Tue Mar 30 23:28:42 EEST 2021::DoctorRegisterEvent{firstName='Rositsa', lastName='Chamova', email='rositsa@healthbox-doctor.com', locationName='Varna', specialtyName='Nutrition and Dietetics'}
1::project.healthbox.events.register.UserRegisterEvent::log::Tue Mar 30 23:39:10 EEST 2021::UserRegisterEvent{firstName='First', lastName='Last', email='test@patient.com'}
1::project.healthbox.events.register.UserRegisterEvent::log::Tue Mar 30 23:39:52 EEST 2021::UserRegisterEvent{firstName='First', lastName='Last', email='test@patient.com'}
1::project.healthbox.events.register.UserRegisterEvent::log::Tue Mar 30 23:42:09 EEST 2021::UserRegisterEvent{firstName='First', lastName='Last', email='test@patient.com'}
1::project.healthbox.events.register.UserRegisterEvent::log::Tue Mar 30 23:42:25 EEST 2021::UserRegisterEvent{firstName='First', lastName='Last', email='test@patient.com'}
39::project.healthbox.events.register.DoctorRegisterEvent::log::Wed Mar 31 21:25:40 EEST 2021::DoctorRegisterEvent{firstName='Doctor', lastName='Doctor', email='doctor2@abv.bg', locationName='Blagoevgrad', specialtyName='Anesthetics'}
1::project.healthbox.events.register.UserRegisterEvent::log::Wed Mar 31 22:09:27 EEST 2021::UserRegisterEvent{firstName='First', lastName='Last', email='test@patient.com'}
1::project.healthbox.events.register.UserRegisterEvent::log::Wed Mar 31 22:11:10 EEST 2021::UserRegisterEvent{firstName='First', lastName='Last', email='test@patient.com'}
